<?xml version="1.0" encoding="UTF-8"?>
<testng-results skipped="0" failed="0" ignored="0" total="1" passed="1">
  <reporter-output>
  </reporter-output>
  <suite name="Default suite" duration-ms="27927" started-at="2022-12-22T17:47:58 SGT" finished-at="2022-12-22T17:48:26 SGT">
    <groups>
    </groups>
    <test name="Default test" duration-ms="27927" started-at="2022-12-22T17:47:58 SGT" finished-at="2022-12-22T17:48:26 SGT">
      <class name="cucumbertest.BuggyCarsAPI">
        <test-method status="PASS" signature="voteForCar()[pri:0, instance:cucumbertest.BuggyCarsAPI@45ca843]" name="voteForCar" duration-ms="27862" started-at="2022-12-22T17:47:58 SGT" finished-at="2022-12-22T17:48:26 SGT">
          <reporter-output>
          </reporter-output>
        </test-method> <!-- voteForCar -->
      </class> <!-- cucumbertest.BuggyCarsAPI -->
    </test> <!-- Default test -->
  </suite> <!-- Default suite -->
</testng-results>
