<?xml version="1.0" encoding="UTF-8"?>
<testng-results skipped="0" failed="0" ignored="0" total="1" passed="1">
  <reporter-output>
  </reporter-output>
  <suite name="Default suite" duration-ms="3794" started-at="2022-12-22T10:42:20 SGT" finished-at="2022-12-22T10:42:24 SGT">
    <groups>
    </groups>
    <test name="Default test" duration-ms="3794" started-at="2022-12-22T10:42:20 SGT" finished-at="2022-12-22T10:42:24 SGT">
      <class name="cucumbertest.BuggyCarsAPI">
        <test-method status="PASS" signature="getDashboardDetails()[pri:0, instance:cucumbertest.BuggyCarsAPI@192d3247]" name="getDashboardDetails" duration-ms="3720" started-at="2022-12-22T10:42:20 SGT" finished-at="2022-12-22T10:42:24 SGT">
          <reporter-output>
          </reporter-output>
        </test-method> <!-- getDashboardDetails -->
      </class> <!-- cucumbertest.BuggyCarsAPI -->
    </test> <!-- Default test -->
  </suite> <!-- Default suite -->
</testng-results>
